<?xml version="1.0" encoding="UTF-8"?>
<!-- Generated by org.testng.reporters.JUnitReportReporter -->
<testsuite hostname="Asus-India" name="com.facebook.features.ExtentReportTest" tests="2" failures="0" timestamp="8 Jun 2018 18:44:15 GMT" time="0.030" errors="0">
  <testcase name="testOne" time="0.005" classname="com.facebook.features.ExtentReportTest"/>
  <testcase name="testThree" time="0.025" classname="com.facebook.features.ExtentReportTest"/>
</testsuite> <!-- com.facebook.features.ExtentReportTest -->
