<?xml version="1.0" encoding="UTF-8"?>
<!-- Generated by org.testng.reporters.JUnitReportReporter -->
<testsuite skipped="0" hostname="Asus-India" name="com.facebook.TestCases.loginToFaceBook" tests="1" failures="0" timestamp="20 May 2018 11:56:49 GMT" time="2.338" errors="0">
  <testcase name="loginWithValidUserName" time="2.338" classname="com.facebook.TestCases.loginToFaceBook"/>
</testsuite> <!-- com.facebook.TestCases.loginToFaceBook -->
