<?xml version="1.0" encoding="UTF-8"?>
<!-- Generated by org.testng.reporters.JUnitReportReporter -->
<testsuite skipped="0" hostname="Asus-India" name="com.facebook.features.ExtentReportTest1" tests="1" failures="0" timestamp="08 Jun 2018 14:05:26 GMT" time="0.022" errors="0">
  <testcase name="testOne" time="0.022" classname="com.facebook.features.ExtentReportTest1"/>
</testsuite> <!-- com.facebook.features.ExtentReportTest1 -->
