<?xml version="1.0" encoding="UTF-8"?>
<!-- Generated by org.testng.reporters.JUnitReportReporter -->
<testsuite skipped="0" hostname="Asus-India" name="com.oba.testcases.onBoardBookingTestCases" tests="1" failures="0" timestamp="25 Jun 2018 02:10:34 GMT" time="0.027" errors="0">
  <testcase name="Login" time="0.027" classname="com.oba.testcases.onBoardBookingTestCases"/>
</testsuite> <!-- com.oba.testcases.onBoardBookingTestCases -->
